# JRE version: Java(TM) SE Runtime Environment (8.0_161-b12) (build 1.8.0_161-b12)
# Java VM: Java HotSpot(TM) 64-Bit Server VM (25.161-b12 mixed mode linux-amd64 compressed oops)
Heap:
 PSYoungGen      total 183296K, used 38519K [0x00000000f0000000, 0x0000000100000000, 0x0000000100000000)
  eden space 105472K, 27% used [0x00000000f0000000,0x00000000f1c8cfa8,0x00000000f6700000)
  from space 77824K, 11% used [0x00000000fb400000,0x00000000fbd10ed8,0x0000000100000000)
  to   space 78336K, 0% used [0x00000000f6700000,0x00000000f6700000,0x00000000fb380000)
 ParOldGen       total 524288K, used 144459K [0x00000000d0000000, 0x00000000f0000000, 0x00000000f0000000)
  object space 524288K, 27% used [0x00000000d0000000,0x00000000d8d12d38,0x00000000f0000000)
 Metaspace       used 80217K, capacity 84152K, committed 84264K, reserved 1122304K
  class space    used 10156K, capacity 11452K, committed 11560K, reserved 1048576K
GC Heap History (10 events):
Event: 247.314 GC heap before
{Heap before GC invocations=43 (full 3):
 PSYoungGen      total 175104K, used 129625K [0x00000000f0000000, 0x0000000100000000, 0x0000000100000000)
  eden space 88064K, 100% used [0x00000000f0000000,0x00000000f5600000,0x00000000f5600000)
  from space 87040K, 47% used [0x00000000f5600000,0x00000000f7e964b0,0x00000000fab00000)
  to   space 82944K, 0% used [0x00000000faf00000,0x00000000faf00000,0x0000000100000000)
 ParOldGen       total 524288K, used 106374K [0x00000000d0000000, 0x00000000f0000000, 0x00000000f0000000)
  object space 524288K, 20% used [0x00000000d0000000,0x00000000d67e1ac0,0x00000000f0000000)
 Metaspace       used 79071K, capacity 82916K, committed 83112K, reserved 1120256K
  class space    used 10090K, capacity 11370K, committed 11432K, reserved 1048576K
Event: 247.445 GC heap after
Heap after GC invocations=43 (full 3):
 PSYoungGen      total 182272K, used 34939K [0x00000000f0000000, 0x0000000100000000, 0x0000000100000000)
  eden space 99328K, 0% used [0x00000000f0000000,0x00000000f0000000,0x00000000f6100000)
  from space 82944K, 42% used [0x00000000faf00000,0x00000000fd11ed08,0x0000000100000000)
  to   space 79872K, 0% used [0x00000000f6100000,0x00000000f6100000,0x00000000faf00000)
 ParOldGen       total 524288K, used 113683K [0x00000000d0000000, 0x00000000f0000000, 0x00000000f0000000)
  object space 524288K, 21% used [0x00000000d0000000,0x00000000d6f04e28,0x00000000f0000000)
 Metaspace       used 79071K, capacity 82916K, committed 83112K, reserved 1120256K
  class space    used 10090K, capacity 11370K, committed 11432K, reserved 1048576K
}
Event: 247.634 GC heap before
{Heap before GC invocations=44 (full 3):
 PSYoungGen      total 182272K, used 133889K [0x00000000f0000000, 0x0000000100000000, 0x0000000100000000)
  eden space 99328K, 99% used [0x00000000f0000000,0x00000000f60a1840,0x00000000f6100000)
  from space 82944K, 42% used [0x00000000faf00000,0x00000000fd11ed08,0x0000000100000000)
  to   space 79872K, 0% used [0x00000000f6100000,0x00000000f6100000,0x00000000faf00000)
 ParOldGen       total 524288K, used 113683K [0x00000000d0000000, 0x00000000f0000000, 0x00000000f0000000)
  object space 524288K, 21% used [0x00000000d0000000,0x00000000d6f04e28,0x00000000f0000000)
 Metaspace       used 79080K, capacity 82944K, committed 83112K, reserved 1120256K
  class space    used 10092K, capacity 11374K, committed 11432K, reserved 1048576K
Event: 247.743 GC heap after
Heap after GC invocations=44 (full 3):
 PSYoungGen      total 179200K, used 27862K [0x00000000f0000000, 0x0000000100000000, 0x0000000100000000)
  eden space 99328K, 0% used [0x00000000f0000000,0x00000000f0000000,0x00000000f6100000)
  from space 79872K, 34% used [0x00000000f6100000,0x00000000f7c35a30,0x00000000faf00000)
  to   space 78336K, 0% used [0x00000000fb380000,0x00000000fb380000,0x0000000100000000)
 ParOldGen       total 524288K, used 121291K [0x00000000d0000000, 0x00000000f0000000, 0x00000000f0000000)
  object space 524288K, 23% used [0x00000000d0000000,0x00000000d7672c40,0x00000000f0000000)
 Metaspace       used 79080K, capacity 82944K, committed 83112K, reserved 1120256K
  class space    used 10092K, capacity 11374K, committed 11432K, reserved 1048576K
}
Event: 248.010 GC heap before
{Heap before GC invocations=45 (full 3):
 PSYoungGen      total 179200K, used 127190K [0x00000000f0000000, 0x0000000100000000, 0x0000000100000000)
  eden space 99328K, 100% used [0x00000000f0000000,0x00000000f6100000,0x00000000f6100000)
  from space 79872K, 34% used [0x00000000f6100000,0x00000000f7c35a30,0x00000000faf00000)
  to   space 78336K, 0% used [0x00000000fb380000,0x00000000fb380000,0x0000000100000000)
 ParOldGen       total 524288K, used 121291K [0x00000000d0000000, 0x00000000f0000000, 0x00000000f0000000)
  object space 524288K, 23% used [0x00000000d0000000,0x00000000d7672c40,0x00000000f0000000)
 Metaspace       used 79563K, capacity 83460K, committed 83624K, reserved 1122304K
  class space    used 10120K, capacity 11412K, committed 11432K, reserved 1048576K
Event: 248.114 GC heap after
Heap after GC invocations=45 (full 3):
 PSYoungGen      total 184832K, used 23512K [0x00000000f0000000, 0x0000000100000000, 0x0000000100000000)
  eden space 106496K, 0% used [0x00000000f0000000,0x00000000f0000000,0x00000000f6800000)
  from space 78336K, 30% used [0x00000000fb380000,0x00000000fca76088,0x0000000100000000)
  to   space 77312K, 0% used [0x00000000f6800000,0x00000000f6800000,0x00000000fb380000)
 ParOldGen       total 524288K, used 127063K [0x00000000d0000000, 0x00000000f0000000, 0x00000000f0000000)
  object space 524288K, 24% used [0x00000000d0000000,0x00000000d7c15d98,0x00000000f0000000)
 Metaspace       used 79563K, capacity 83460K, committed 83624K, reserved 1122304K
  class space    used 10120K, capacity 11412K, committed 11432K, reserved 1048576K
}
Event: 248.253 GC heap before
{Heap before GC invocations=46 (full 3):
 PSYoungGen      total 184832K, used 130008K [0x00000000f0000000, 0x0000000100000000, 0x0000000100000000)
  eden space 106496K, 100% used [0x00000000f0000000,0x00000000f6800000,0x00000000f6800000)
  from space 78336K, 30% used [0x00000000fb380000,0x00000000fca76088,0x0000000100000000)
  to   space 77312K, 0% used [0x00000000f6800000,0x00000000f6800000,0x00000000fb380000)
 ParOldGen       total 524288K, used 127063K [0x00000000d0000000, 0x00000000f0000000, 0x00000000f0000000)
  object space 524288K, 24% used [0x00000000d0000000,0x00000000d7c15d98,0x00000000f0000000)
 Metaspace       used 79563K, capacity 83460K, committed 83624K, reserved 1122304K
  class space    used 10120K, capacity 11412K, committed 11432K, reserved 1048576K
Event: 248.341 GC heap after
Heap after GC invocations=46 (full 3):
 PSYoungGen      total 183808K, used 10791K [0x00000000f0000000, 0x0000000100000000, 0x0000000100000000)
  eden space 106496K, 0% used [0x00000000f0000000,0x00000000f0000000,0x00000000f6800000)
  from space 77312K, 13% used [0x00000000f6800000,0x00000000f7289f58,0x00000000fb380000)
  to   space 77824K, 0% used [0x00000000fb400000,0x00000000fb400000,0x0000000100000000)
 ParOldGen       total 524288K, used 139771K [0x00000000d0000000, 0x00000000f0000000, 0x00000000f0000000)
  object space 524288K, 26% used [0x00000000d0000000,0x00000000d887ef38,0x00000000f0000000)
 Metaspace       used 79563K, capacity 83460K, committed 83624K, reserved 1122304K
  class space    used 10120K, capacity 11412K, committed 11432K, reserved 1048576K
}
Event: 248.751 GC heap before
{Heap before GC invocations=47 (full 3):
 PSYoungGen      total 183808K, used 117287K [0x00000000f0000000, 0x0000000100000000, 0x0000000100000000)
  eden space 106496K, 100% used [0x00000000f0000000,0x00000000f6800000,0x00000000f6800000)
  from space 77312K, 13% used [0x00000000f6800000,0x00000000f7289f58,0x00000000fb380000)
  to   space 77824K, 0% used [0x00000000fb400000,0x00000000fb400000,0x0000000100000000)
 ParOldGen       total 524288K, used 139771K [0x00000000d0000000, 0x00000000f0000000, 0x00000000f0000000)
  object space 524288K, 26% used [0x00000000d0000000,0x00000000d887ef38,0x00000000f0000000)
 Metaspace       used 80211K, capacity 84146K, committed 84264K, reserved 1122304K
  class space    used 10155K, capacity 11450K, committed 11560K, reserved 1048576K
Event: 248.781 GC heap after
Heap after GC invocations=47 (full 3):
 PSYoungGen      total 183296K, used 9283K [0x00000000f0000000, 0x0000000100000000, 0x0000000100000000)
  eden space 105472K, 0% used [0x00000000f0000000,0x00000000f0000000,0x00000000f6700000)
  from space 77824K, 11% used [0x00000000fb400000,0x00000000fbd10ed8,0x0000000100000000)
  to   space 78336K, 0% used [0x00000000f6700000,0x00000000f6700000,0x00000000fb380000)
 ParOldGen       total 524288K, used 144459K [0x00000000d0000000, 0x00000000f0000000, 0x00000000f0000000)
  object space 524288K, 27% used [0x00000000d0000000,0x00000000d8d12d38,0x00000000f0000000)
 Metaspace       used 80211K, capacity 84146K, committed 84264K, reserved 1122304K
  class space    used 10155K, capacity 11450K, committed 11560K, reserved 1048576K
}

