# JRE version: Java(TM) SE Runtime Environment (8.0_161-b12) (build 1.8.0_161-b12)
# Java VM: Java HotSpot(TM) 64-Bit Server VM (25.161-b12 mixed mode linux-amd64 compressed oops)
Heap:
 PSYoungGen      total 202240K, used 58397K [0x00000000f0000000, 0x0000000100000000, 0x0000000100000000)
  eden space 144896K, 33% used [0x00000000f0000000,0x00000000f2ed4230,0x00000000f8d80000)
  from space 57344K, 18% used [0x00000000f8d80000,0x00000000f97b35c8,0x00000000fc580000)
  to   space 54272K, 0% used [0x00000000fcb00000,0x00000000fcb00000,0x0000000100000000)
 ParOldGen       total 524288K, used 142128K [0x00000000d0000000, 0x00000000f0000000, 0x00000000f0000000)
  object space 524288K, 27% used [0x00000000d0000000,0x00000000d8acc2a8,0x00000000f0000000)
 Metaspace       used 84368K, capacity 89022K, committed 89128K, reserved 1126400K
  class space    used 10695K, capacity 12233K, committed 12328K, reserved 1048576K
GC Heap History (10 events):
Event: 1706.666 GC heap before
{Heap before GC invocations=52 (full 3):
 PSYoungGen      total 196096K, used 136175K [0x00000000f0000000, 0x0000000100000000, 0x0000000100000000)
  eden space 128000K, 100% used [0x00000000f0000000,0x00000000f7d00000,0x00000000f7d00000)
  from space 68096K, 12% used [0x00000000fbd80000,0x00000000fc57bea8,0x0000000100000000)
  to   space 66048K, 0% used [0x00000000f7d00000,0x00000000f7d00000,0x00000000fbd80000)
 ParOldGen       total 524288K, used 139943K [0x00000000d0000000, 0x00000000f0000000, 0x00000000f0000000)
  object space 524288K, 26% used [0x00000000d0000000,0x00000000d88a9f48,0x00000000f0000000)
 Metaspace       used 83647K, capacity 87824K, committed 87976K, reserved 1126400K
  class space    used 10491K, capacity 11849K, committed 11944K, reserved 1048576K
Event: 1706.682 GC heap after
Heap after GC invocations=52 (full 3):
 PSYoungGen      total 194048K, used 6483K [0x00000000f0000000, 0x0000000100000000, 0x0000000100000000)
  eden space 128000K, 0% used [0x00000000f0000000,0x00000000f0000000,0x00000000f7d00000)
  from space 66048K, 9% used [0x00000000f7d00000,0x00000000f8354eb0,0x00000000fbd80000)
  to   space 64000K, 0% used [0x00000000fc180000,0x00000000fc180000,0x0000000100000000)
 ParOldGen       total 524288K, used 142112K [0x00000000d0000000, 0x00000000f0000000, 0x00000000f0000000)
  object space 524288K, 27% used [0x00000000d0000000,0x00000000d8ac82a8,0x00000000f0000000)
 Metaspace       used 83647K, capacity 87824K, committed 87976K, reserved 1126400K
  class space    used 10491K, capacity 11849K, committed 11944K, reserved 1048576K
}
Event: 3226.877 GC heap before
{Heap before GC invocations=53 (full 3):
 PSYoungGen      total 194048K, used 134483K [0x00000000f0000000, 0x0000000100000000, 0x0000000100000000)
  eden space 128000K, 100% used [0x00000000f0000000,0x00000000f7d00000,0x00000000f7d00000)
  from space 66048K, 9% used [0x00000000f7d00000,0x00000000f8354eb0,0x00000000fbd80000)
  to   space 64000K, 0% used [0x00000000fc180000,0x00000000fc180000,0x0000000100000000)
 ParOldGen       total 524288K, used 142112K [0x00000000d0000000, 0x00000000f0000000, 0x00000000f0000000)
  object space 524288K, 27% used [0x00000000d0000000,0x00000000d8ac82a8,0x00000000f0000000)
 Metaspace       used 83823K, capacity 88042K, committed 88232K, reserved 1126400K
  class space    used 10533K, capacity 11895K, committed 11944K, reserved 1048576K
Event: 3226.891 GC heap after
Heap after GC invocations=53 (full 3):
 PSYoungGen      total 200704K, used 7148K [0x00000000f0000000, 0x0000000100000000, 0x0000000100000000)
  eden space 136704K, 0% used [0x00000000f0000000,0x00000000f0000000,0x00000000f8580000)
  from space 64000K, 11% used [0x00000000fc180000,0x00000000fc87b238,0x0000000100000000)
  to   space 61440K, 0% used [0x00000000f8580000,0x00000000f8580000,0x00000000fc180000)
 ParOldGen       total 524288K, used 142120K [0x00000000d0000000, 0x00000000f0000000, 0x00000000f0000000)
  object space 524288K, 27% used [0x00000000d0000000,0x00000000d8aca2a8,0x00000000f0000000)
 Metaspace       used 83823K, capacity 88042K, committed 88232K, reserved 1126400K
  class space    used 10533K, capacity 11895K, committed 11944K, reserved 1048576K
}
Event: 3226.997 GC heap before
{Heap before GC invocations=54 (full 3):
 PSYoungGen      total 200704K, used 143852K [0x00000000f0000000, 0x0000000100000000, 0x0000000100000000)
  eden space 136704K, 100% used [0x00000000f0000000,0x00000000f8580000,0x00000000f8580000)
  from space 64000K, 11% used [0x00000000fc180000,0x00000000fc87b238,0x0000000100000000)
  to   space 61440K, 0% used [0x00000000f8580000,0x00000000f8580000,0x00000000fc180000)
 ParOldGen       total 524288K, used 142120K [0x00000000d0000000, 0x00000000f0000000, 0x00000000f0000000)
  object space 524288K, 27% used [0x00000000d0000000,0x00000000d8aca2a8,0x00000000f0000000)
 Metaspace       used 83823K, capacity 88042K, committed 88232K, reserved 1126400K
  class space    used 10533K, capacity 11895K, committed 11944K, reserved 1048576K
Event: 3227.003 GC heap after
Heap after GC invocations=54 (full 3):
 PSYoungGen      total 198144K, used 2796K [0x00000000f0000000, 0x0000000100000000, 0x0000000100000000)
  eden space 136704K, 0% used [0x00000000f0000000,0x00000000f0000000,0x00000000f8580000)
  from space 61440K, 4% used [0x00000000f8580000,0x00000000f883b238,0x00000000fc180000)
  to   space 59904K, 0% used [0x00000000fc580000,0x00000000fc580000,0x0000000100000000)
 ParOldGen       total 524288K, used 142120K [0x00000000d0000000, 0x00000000f0000000, 0x00000000f0000000)
  object space 524288K, 27% used [0x00000000d0000000,0x00000000d8aca2a8,0x00000000f0000000)
 Metaspace       used 83823K, capacity 88042K, committed 88232K, reserved 1126400K
  class space    used 10533K, capacity 11895K, committed 11944K, reserved 1048576K
}
Event: 3287.576 GC heap before
{Heap before GC invocations=55 (full 3):
 PSYoungGen      total 198144K, used 139500K [0x00000000f0000000, 0x0000000100000000, 0x0000000100000000)
  eden space 136704K, 100% used [0x00000000f0000000,0x00000000f8580000,0x00000000f8580000)
  from space 61440K, 4% used [0x00000000f8580000,0x00000000f883b238,0x00000000fc180000)
  to   space 59904K, 0% used [0x00000000fc580000,0x00000000fc580000,0x0000000100000000)
 ParOldGen       total 524288K, used 142120K [0x00000000d0000000, 0x00000000f0000000, 0x00000000f0000000)
  object space 524288K, 27% used [0x00000000d0000000,0x00000000d8aca2a8,0x00000000f0000000)
 Metaspace       used 83935K, capacity 88302K, committed 88616K, reserved 1126400K
  class space    used 10565K, capacity 11962K, committed 12072K, reserved 1048576K
Event: 3287.586 GC heap after
Heap after GC invocations=55 (full 3):
 PSYoungGen      total 204800K, used 5772K [0x00000000f0000000, 0x0000000100000000, 0x0000000100000000)
  eden space 144896K, 0% used [0x00000000f0000000,0x00000000f0000000,0x00000000f8d80000)
  from space 59904K, 9% used [0x00000000fc580000,0x00000000fcb23238,0x0000000100000000)
  to   space 57344K, 0% used [0x00000000f8d80000,0x00000000f8d80000,0x00000000fc580000)
 ParOldGen       total 524288K, used 142120K [0x00000000d0000000, 0x00000000f0000000, 0x00000000f0000000)
  object space 524288K, 27% used [0x00000000d0000000,0x00000000d8aca2a8,0x00000000f0000000)
 Metaspace       used 83935K, capacity 88302K, committed 88616K, reserved 1126400K
  class space    used 10565K, capacity 11962K, committed 12072K, reserved 1048576K
}
Event: 3328.341 GC heap before
{Heap before GC invocations=56 (full 3):
 PSYoungGen      total 204800K, used 150668K [0x00000000f0000000, 0x0000000100000000, 0x0000000100000000)
  eden space 144896K, 100% used [0x00000000f0000000,0x00000000f8d80000,0x00000000f8d80000)
  from space 59904K, 9% used [0x00000000fc580000,0x00000000fcb23238,0x0000000100000000)
  to   space 57344K, 0% used [0x00000000f8d80000,0x00000000f8d80000,0x00000000fc580000)
 ParOldGen       total 524288K, used 142120K [0x00000000d0000000, 0x00000000f0000000, 0x00000000f0000000)
  object space 524288K, 27% used [0x00000000d0000000,0x00000000d8aca2a8,0x00000000f0000000)
 Metaspace       used 84243K, capacity 88804K, committed 89000K, reserved 1126400K
  class space    used 10669K, capacity 12149K, committed 12200K, reserved 1048576K
Event: 3328.352 GC heap after
Heap after GC invocations=56 (full 3):
 PSYoungGen      total 202240K, used 10445K [0x00000000f0000000, 0x0000000100000000, 0x0000000100000000)
  eden space 144896K, 0% used [0x00000000f0000000,0x00000000f0000000,0x00000000f8d80000)
  from space 57344K, 18% used [0x00000000f8d80000,0x00000000f97b35c8,0x00000000fc580000)
  to   space 54272K, 0% used [0x00000000fcb00000,0x00000000fcb00000,0x0000000100000000)
 ParOldGen       total 524288K, used 142128K [0x00000000d0000000, 0x00000000f0000000, 0x00000000f0000000)
  object space 524288K, 27% used [0x00000000d0000000,0x00000000d8acc2a8,0x00000000f0000000)
 Metaspace       used 84243K, capacity 88804K, committed 89000K, reserved 1126400K
  class space    used 10669K, capacity 12149K, committed 12200K, reserved 1048576K
}

